<?xml version="1.0" encoding="UTF-8"?>
<testng-results ignored="0" total="11" passed="11" failed="0" skipped="0">
  <reporter-output>
  </reporter-output>
  <suite started-at="2024-01-31T15:33:55 CET" name="Whole project test suite" finished-at="2024-01-31T15:34:00 CET" duration-ms="4670">
    <groups>
    </groups>
    <test started-at="2024-01-31T15:33:55 CET" name="Authorization" finished-at="2024-01-31T15:33:58 CET" duration-ms="3334">
      <class name="test.Authorization_Tests">
        <test-method is-config="true" signature="setUp()[pri:0, instance:test.Authorization_Tests@38145825]" started-at="2024-01-31T15:33:55 CET" name="setUp" finished-at="2024-01-31T15:33:55 CET" duration-ms="200" status="PASS">
          <reporter-output>
          </reporter-output>
        </test-method> <!-- setUp -->
        <test-method signature="validUserAuthorization_Test()[pri:1, instance:test.Authorization_Tests@38145825]" started-at="2024-01-31T15:33:55 CET" name="validUserAuthorization_Test" finished-at="2024-01-31T15:33:57 CET" duration-ms="1722" status="PASS">
          <reporter-output>
          </reporter-output>
        </test-method> <!-- validUserAuthorization_Test -->
        <test-method signature="invalidUserCredentialsAuthorization_Test()[pri:2, instance:test.Authorization_Tests@38145825]" started-at="2024-01-31T15:33:57 CET" name="invalidUserCredentialsAuthorization_Test" finished-at="2024-01-31T15:33:58 CET" duration-ms="342" status="PASS">
          <reporter-output>
          </reporter-output>
        </test-method> <!-- invalidUserCredentialsAuthorization_Test -->
        <test-method signature="invalidUsernameAuthorization_Test()[pri:3, instance:test.Authorization_Tests@38145825]" started-at="2024-01-31T15:33:58 CET" name="invalidUsernameAuthorization_Test" finished-at="2024-01-31T15:33:58 CET" duration-ms="303" status="PASS">
          <reporter-output>
          </reporter-output>
        </test-method> <!-- invalidUsernameAuthorization_Test -->
        <test-method signature="invalidUserPasswordAuthorization_Test()[pri:4, instance:test.Authorization_Tests@38145825]" started-at="2024-01-31T15:33:58 CET" name="invalidUserPasswordAuthorization_Test" finished-at="2024-01-31T15:33:58 CET" duration-ms="293" status="PASS">
          <reporter-output>
          </reporter-output>
        </test-method> <!-- invalidUserPasswordAuthorization_Test -->
        <test-method signature="emptyUserPasswordAuthorization_Test()[pri:5, instance:test.Authorization_Tests@38145825]" started-at="2024-01-31T15:33:58 CET" name="emptyUserPasswordAuthorization_Test" finished-at="2024-01-31T15:33:58 CET" duration-ms="132" status="PASS">
          <reporter-output>
          </reporter-output>
        </test-method> <!-- emptyUserPasswordAuthorization_Test -->
        <test-method signature="emptyUsernameAuthorization_Test()[pri:6, instance:test.Authorization_Tests@38145825]" started-at="2024-01-31T15:33:58 CET" name="emptyUsernameAuthorization_Test" finished-at="2024-01-31T15:33:58 CET" duration-ms="133" status="PASS">
          <reporter-output>
          </reporter-output>
        </test-method> <!-- emptyUsernameAuthorization_Test -->
      </class> <!-- test.Authorization_Tests -->
    </test> <!-- Authorization -->
    <test started-at="2024-01-31T15:33:58 CET" name="Device Information" finished-at="2024-01-31T15:34:00 CET" duration-ms="1332">
      <class name="test.GenerateTokenTest">
        <test-method is-config="true" signature="setUp()[pri:0, instance:test.GenerateTokenTest@3bcd05cb]" started-at="2024-01-31T15:33:58 CET" name="setUp" finished-at="2024-01-31T15:33:58 CET" duration-ms="1" status="PASS">
          <reporter-output>
          </reporter-output>
        </test-method> <!-- setUp -->
        <test-method signature="generateTokenValidCredentials()[pri:0, instance:test.GenerateTokenTest@3bcd05cb]" started-at="2024-01-31T15:33:58 CET" name="generateTokenValidCredentials" finished-at="2024-01-31T15:33:59 CET" duration-ms="462" status="PASS">
          <reporter-output>
          </reporter-output>
        </test-method> <!-- generateTokenValidCredentials -->
        <test-method signature="generateTokenInvalidCredentials()[pri:0, instance:test.GenerateTokenTest@3bcd05cb]" started-at="2024-01-31T15:33:59 CET" name="generateTokenInvalidCredentials" finished-at="2024-01-31T15:33:59 CET" duration-ms="461" status="PASS">
          <reporter-output>
          </reporter-output>
        </test-method> <!-- generateTokenInvalidCredentials -->
        <test-method signature="generateTokenInvalidEndpoint()[pri:0, instance:test.GenerateTokenTest@3bcd05cb]" started-at="2024-01-31T15:33:59 CET" name="generateTokenInvalidEndpoint" finished-at="2024-01-31T15:33:59 CET" duration-ms="132" status="PASS">
          <reporter-output>
          </reporter-output>
        </test-method> <!-- generateTokenInvalidEndpoint -->
        <test-method signature="generateTokenEmptyUserName()[pri:0, instance:test.GenerateTokenTest@3bcd05cb]" started-at="2024-01-31T15:33:59 CET" name="generateTokenEmptyUserName" finished-at="2024-01-31T15:34:00 CET" duration-ms="129" status="PASS">
          <reporter-output>
          </reporter-output>
        </test-method> <!-- generateTokenEmptyUserName -->
        <test-method signature="generateTokenEmptyPassword()[pri:0, instance:test.GenerateTokenTest@3bcd05cb]" started-at="2024-01-31T15:34:00 CET" name="generateTokenEmptyPassword" finished-at="2024-01-31T15:34:00 CET" duration-ms="146" status="PASS">
          <reporter-output>
          </reporter-output>
        </test-method> <!-- generateTokenEmptyPassword -->
      </class> <!-- test.GenerateTokenTest -->
    </test> <!-- Device Information -->
  </suite> <!-- Whole project test suite -->
</testng-results>
