<?xml version="1.0" encoding="UTF-8"?>
<testng-results ignored="0" total="17" passed="17" failed="0" skipped="0">
  <reporter-output>
  </reporter-output>
  <suite started-at="2024-02-07T15:18:14 CET" name="Whole project test suite" finished-at="2024-02-07T15:18:22 CET" duration-ms="8146">
    <groups>
    </groups>
    <test started-at="2024-02-07T15:18:14 CET" name="Authorization" finished-at="2024-02-07T15:18:18 CET" duration-ms="3859">
      <class name="test.Authorization_Tests">
        <test-method is-config="true" signature="setUp()[pri:0, instance:test.Authorization_Tests@1817d444]" started-at="2024-02-07T15:18:14 CET" name="setUp" finished-at="2024-02-07T15:18:15 CET" duration-ms="466" status="PASS">
          <reporter-output>
          </reporter-output>
        </test-method> <!-- setUp -->
        <test-method signature="validUserAuthorization_Test()[pri:1, instance:test.Authorization_Tests@1817d444]" started-at="2024-02-07T15:18:15 CET" name="validUserAuthorization_Test" finished-at="2024-02-07T15:18:17 CET" duration-ms="2023" status="PASS">
          <reporter-output>
          </reporter-output>
        </test-method> <!-- validUserAuthorization_Test -->
        <test-method signature="invalidUserCredentialsAuthorization_Test()[pri:2, instance:test.Authorization_Tests@1817d444]" started-at="2024-02-07T15:18:17 CET" name="invalidUserCredentialsAuthorization_Test" finished-at="2024-02-07T15:18:17 CET" duration-ms="367" status="PASS">
          <reporter-output>
          </reporter-output>
        </test-method> <!-- invalidUserCredentialsAuthorization_Test -->
        <test-method signature="invalidUsernameAuthorization_Test()[pri:3, instance:test.Authorization_Tests@1817d444]" started-at="2024-02-07T15:18:17 CET" name="invalidUsernameAuthorization_Test" finished-at="2024-02-07T15:18:18 CET" duration-ms="296" status="PASS">
          <reporter-output>
          </reporter-output>
        </test-method> <!-- invalidUsernameAuthorization_Test -->
        <test-method signature="invalidUserPasswordAuthorization_Test()[pri:4, instance:test.Authorization_Tests@1817d444]" started-at="2024-02-07T15:18:18 CET" name="invalidUserPasswordAuthorization_Test" finished-at="2024-02-07T15:18:18 CET" duration-ms="313" status="PASS">
          <reporter-output>
          </reporter-output>
        </test-method> <!-- invalidUserPasswordAuthorization_Test -->
        <test-method signature="emptyUserPasswordAuthorization_Test()[pri:5, instance:test.Authorization_Tests@1817d444]" started-at="2024-02-07T15:18:18 CET" name="emptyUserPasswordAuthorization_Test" finished-at="2024-02-07T15:18:18 CET" duration-ms="151" status="PASS">
          <reporter-output>
          </reporter-output>
        </test-method> <!-- emptyUserPasswordAuthorization_Test -->
        <test-method signature="emptyUsernameAuthorization_Test()[pri:6, instance:test.Authorization_Tests@1817d444]" started-at="2024-02-07T15:18:18 CET" name="emptyUsernameAuthorization_Test" finished-at="2024-02-07T15:18:18 CET" duration-ms="146" status="PASS">
          <reporter-output>
          </reporter-output>
        </test-method> <!-- emptyUsernameAuthorization_Test -->
      </class> <!-- test.Authorization_Tests -->
    </test> <!-- Authorization -->
    <test started-at="2024-02-07T15:18:18 CET" name="Device Information" finished-at="2024-02-07T15:18:20 CET" duration-ms="1399">
      <class name="test.GenerateTokenTest">
        <test-method is-config="true" signature="setUp()[pri:0, instance:test.GenerateTokenTest@32eff876]" started-at="2024-02-07T15:18:18 CET" name="setUp" finished-at="2024-02-07T15:18:18 CET" duration-ms="1" status="PASS">
          <reporter-output>
          </reporter-output>
        </test-method> <!-- setUp -->
        <test-method signature="generateTokenValidCredentials()[pri:0, instance:test.GenerateTokenTest@32eff876]" started-at="2024-02-07T15:18:18 CET" name="generateTokenValidCredentials" finished-at="2024-02-07T15:18:19 CET" duration-ms="506" status="PASS">
          <reporter-output>
          </reporter-output>
        </test-method> <!-- generateTokenValidCredentials -->
        <test-method signature="generateTokenInvalidCredentials()[pri:0, instance:test.GenerateTokenTest@32eff876]" started-at="2024-02-07T15:18:19 CET" name="generateTokenInvalidCredentials" finished-at="2024-02-07T15:18:19 CET" duration-ms="450" status="PASS">
          <reporter-output>
          </reporter-output>
        </test-method> <!-- generateTokenInvalidCredentials -->
        <test-method signature="generateTokenInvalidEndpoint()[pri:0, instance:test.GenerateTokenTest@32eff876]" started-at="2024-02-07T15:18:19 CET" name="generateTokenInvalidEndpoint" finished-at="2024-02-07T15:18:19 CET" duration-ms="149" status="PASS">
          <reporter-output>
          </reporter-output>
        </test-method> <!-- generateTokenInvalidEndpoint -->
        <test-method signature="generateTokenEmptyUserName()[pri:0, instance:test.GenerateTokenTest@32eff876]" started-at="2024-02-07T15:18:19 CET" name="generateTokenEmptyUserName" finished-at="2024-02-07T15:18:19 CET" duration-ms="146" status="PASS">
          <reporter-output>
          </reporter-output>
        </test-method> <!-- generateTokenEmptyUserName -->
        <test-method signature="generateTokenEmptyPassword()[pri:0, instance:test.GenerateTokenTest@32eff876]" started-at="2024-02-07T15:18:19 CET" name="generateTokenEmptyPassword" finished-at="2024-02-07T15:18:20 CET" duration-ms="143" status="PASS">
          <reporter-output>
          </reporter-output>
        </test-method> <!-- generateTokenEmptyPassword -->
      </class> <!-- test.GenerateTokenTest -->
    </test> <!-- Device Information -->
    <test started-at="2024-02-07T15:18:20 CET" name="Create New User" finished-at="2024-02-07T15:18:20 CET" duration-ms="700">
      <class name="test.CreateUserTest">
        <test-method is-config="true" signature="setUp()[pri:0, instance:test.CreateUserTest@6d763516]" started-at="2024-02-07T15:18:20 CET" name="setUp" finished-at="2024-02-07T15:18:20 CET" duration-ms="1" status="PASS">
          <reporter-output>
          </reporter-output>
        </test-method> <!-- setUp -->
        <test-method signature="createNewUserValidTest()[pri:1, instance:test.CreateUserTest@6d763516]" started-at="2024-02-07T15:18:20 CET" name="createNewUserValidTest" description="Create new user with random generated username and password" finished-at="2024-02-07T15:18:20 CET" duration-ms="335" status="PASS">
          <reporter-output>
          </reporter-output>
        </test-method> <!-- createNewUserValidTest -->
        <test-method signature="userAlreadyExistingTest()[pri:2, instance:test.CreateUserTest@6d763516]" started-at="2024-02-07T15:18:20 CET" name="userAlreadyExistingTest" description="Try to create new user with already existing user credentials" finished-at="2024-02-07T15:18:20 CET" duration-ms="222" status="PASS">
          <reporter-output>
          </reporter-output>
        </test-method> <!-- userAlreadyExistingTest -->
        <test-method signature="createNewUserEmptyUsernameTest()[pri:3, instance:test.CreateUserTest@6d763516]" started-at="2024-02-07T15:18:20 CET" name="createNewUserEmptyUsernameTest" description="Try to create new user with invalid password" finished-at="2024-02-07T15:18:20 CET" duration-ms="140" status="PASS">
          <reporter-output>
          </reporter-output>
        </test-method> <!-- createNewUserEmptyUsernameTest -->
      </class> <!-- test.CreateUserTest -->
    </test> <!-- Create New User -->
    <test started-at="2024-02-07T15:18:20 CET" name="Get User Informaition" finished-at="2024-02-07T15:18:22 CET" duration-ms="1354">
      <class name="test.GetUserTest">
        <test-method is-config="true" signature="setUp()[pri:0, instance:test.GetUserTest@c8c12ac]" started-at="2024-02-07T15:18:20 CET" name="setUp" finished-at="2024-02-07T15:18:20 CET" duration-ms="0" status="PASS">
          <reporter-output>
          </reporter-output>
        </test-method> <!-- setUp -->
        <test-method signature="getLogedUserInfo()[pri:1, instance:test.GetUserTest@c8c12ac]" started-at="2024-02-07T15:18:20 CET" name="getLogedUserInfo" finished-at="2024-02-07T15:18:21 CET" duration-ms="421" status="PASS">
          <reporter-output>
          </reporter-output>
        </test-method> <!-- getLogedUserInfo -->
        <test-method signature="getCreatedUserInfo()[pri:2, instance:test.GetUserTest@c8c12ac]" started-at="2024-02-07T15:18:21 CET" name="getCreatedUserInfo" finished-at="2024-02-07T15:18:22 CET" duration-ms="930" status="PASS">
          <reporter-output>
          </reporter-output>
        </test-method> <!-- getCreatedUserInfo -->
      </class> <!-- test.GetUserTest -->
    </test> <!-- Get User Informaition -->
    <test started-at="2024-02-07T15:18:22 CET" name="Get Books List" finished-at="2024-02-07T15:18:22 CET" duration-ms="832">
      <class name="test.GetBooksTest">
        <test-method is-config="true" signature="setUp()[pri:0, instance:test.GetBooksTest@799f10e1]" started-at="2024-02-07T15:18:22 CET" name="setUp" finished-at="2024-02-07T15:18:22 CET" duration-ms="0" status="PASS">
          <reporter-output>
          </reporter-output>
        </test-method> <!-- setUp -->
        <test-method signature="getBooksTest()[pri:0, instance:test.GetBooksTest@799f10e1]" started-at="2024-02-07T15:18:22 CET" name="getBooksTest" finished-at="2024-02-07T15:18:22 CET" duration-ms="829" status="PASS">
          <reporter-output>
          </reporter-output>
        </test-method> <!-- getBooksTest -->
        <test-method is-config="true" signature="sendEmailReport()[pri:0, instance:test.GetBooksTest@799f10e1]" started-at="2024-02-07T15:18:22 CET" name="sendEmailReport" finished-at="2024-02-07T15:18:34 CET" duration-ms="11078" status="PASS">
          <reporter-output>
          </reporter-output>
        </test-method> <!-- sendEmailReport -->
      </class> <!-- test.GetBooksTest -->
    </test> <!-- Get Books List -->
  </suite> <!-- Whole project test suite -->
</testng-results>
