<?xml version="1.0" encoding="UTF-8"?>
<testng-results ignored="0" total="11" passed="11" failed="0" skipped="0">
  <reporter-output>
  </reporter-output>
  <suite started-at="2024-01-31T15:49:33 CET" name="Whole project test suite" finished-at="2024-01-31T15:49:38 CET" duration-ms="5127">
    <groups>
    </groups>
    <test started-at="2024-01-31T15:49:33 CET" name="Authorization" finished-at="2024-01-31T15:49:37 CET" duration-ms="3699">
      <class name="test.Authorization_Tests">
        <test-method is-config="true" signature="setUp()[pri:0, instance:test.Authorization_Tests@5dafbe45]" started-at="2024-01-31T15:49:33 CET" name="setUp" finished-at="2024-01-31T15:49:33 CET" duration-ms="252" status="PASS">
          <reporter-output>
          </reporter-output>
        </test-method> <!-- setUp -->
        <test-method signature="validUserAuthorization_Test()[pri:1, instance:test.Authorization_Tests@5dafbe45]" started-at="2024-01-31T15:49:33 CET" name="validUserAuthorization_Test" finished-at="2024-01-31T15:49:35 CET" duration-ms="2020" status="PASS">
          <reporter-output>
          </reporter-output>
        </test-method> <!-- validUserAuthorization_Test -->
        <test-method signature="invalidUserCredentialsAuthorization_Test()[pri:2, instance:test.Authorization_Tests@5dafbe45]" started-at="2024-01-31T15:49:35 CET" name="invalidUserCredentialsAuthorization_Test" finished-at="2024-01-31T15:49:36 CET" duration-ms="334" status="PASS">
          <reporter-output>
          </reporter-output>
        </test-method> <!-- invalidUserCredentialsAuthorization_Test -->
        <test-method signature="invalidUsernameAuthorization_Test()[pri:3, instance:test.Authorization_Tests@5dafbe45]" started-at="2024-01-31T15:49:36 CET" name="invalidUsernameAuthorization_Test" finished-at="2024-01-31T15:49:36 CET" duration-ms="302" status="PASS">
          <reporter-output>
          </reporter-output>
        </test-method> <!-- invalidUsernameAuthorization_Test -->
        <test-method signature="invalidUserPasswordAuthorization_Test()[pri:4, instance:test.Authorization_Tests@5dafbe45]" started-at="2024-01-31T15:49:36 CET" name="invalidUserPasswordAuthorization_Test" finished-at="2024-01-31T15:49:36 CET" duration-ms="292" status="PASS">
          <reporter-output>
          </reporter-output>
        </test-method> <!-- invalidUserPasswordAuthorization_Test -->
        <test-method signature="emptyUserPasswordAuthorization_Test()[pri:5, instance:test.Authorization_Tests@5dafbe45]" started-at="2024-01-31T15:49:36 CET" name="emptyUserPasswordAuthorization_Test" finished-at="2024-01-31T15:49:36 CET" duration-ms="137" status="PASS">
          <reporter-output>
          </reporter-output>
        </test-method> <!-- emptyUserPasswordAuthorization_Test -->
        <test-method signature="emptyUsernameAuthorization_Test()[pri:6, instance:test.Authorization_Tests@5dafbe45]" started-at="2024-01-31T15:49:36 CET" name="emptyUsernameAuthorization_Test" finished-at="2024-01-31T15:49:37 CET" duration-ms="137" status="PASS">
          <reporter-output>
          </reporter-output>
        </test-method> <!-- emptyUsernameAuthorization_Test -->
      </class> <!-- test.Authorization_Tests -->
    </test> <!-- Authorization -->
    <test started-at="2024-01-31T15:49:37 CET" name="Device Information" finished-at="2024-01-31T15:49:38 CET" duration-ms="1426">
      <class name="test.GenerateTokenTest">
        <test-method is-config="true" signature="setUp()[pri:0, instance:test.GenerateTokenTest@78452606]" started-at="2024-01-31T15:49:37 CET" name="setUp" finished-at="2024-01-31T15:49:37 CET" duration-ms="1" status="PASS">
          <reporter-output>
          </reporter-output>
        </test-method> <!-- setUp -->
        <test-method signature="generateTokenValidCredentials()[pri:0, instance:test.GenerateTokenTest@78452606]" started-at="2024-01-31T15:49:37 CET" name="generateTokenValidCredentials" finished-at="2024-01-31T15:49:37 CET" duration-ms="530" status="PASS">
          <reporter-output>
          </reporter-output>
        </test-method> <!-- generateTokenValidCredentials -->
        <test-method signature="generateTokenInvalidCredentials()[pri:0, instance:test.GenerateTokenTest@78452606]" started-at="2024-01-31T15:49:37 CET" name="generateTokenInvalidCredentials" finished-at="2024-01-31T15:49:38 CET" duration-ms="490" status="PASS">
          <reporter-output>
          </reporter-output>
        </test-method> <!-- generateTokenInvalidCredentials -->
        <test-method signature="generateTokenInvalidEndpoint()[pri:0, instance:test.GenerateTokenTest@78452606]" started-at="2024-01-31T15:49:38 CET" name="generateTokenInvalidEndpoint" finished-at="2024-01-31T15:49:38 CET" duration-ms="140" status="PASS">
          <reporter-output>
          </reporter-output>
        </test-method> <!-- generateTokenInvalidEndpoint -->
        <test-method signature="generateTokenEmptyUserName()[pri:0, instance:test.GenerateTokenTest@78452606]" started-at="2024-01-31T15:49:38 CET" name="generateTokenEmptyUserName" finished-at="2024-01-31T15:49:38 CET" duration-ms="132" status="PASS">
          <reporter-output>
          </reporter-output>
        </test-method> <!-- generateTokenEmptyUserName -->
        <test-method signature="generateTokenEmptyPassword()[pri:0, instance:test.GenerateTokenTest@78452606]" started-at="2024-01-31T15:49:38 CET" name="generateTokenEmptyPassword" finished-at="2024-01-31T15:49:38 CET" duration-ms="129" status="PASS">
          <reporter-output>
          </reporter-output>
        </test-method> <!-- generateTokenEmptyPassword -->
      </class> <!-- test.GenerateTokenTest -->
    </test> <!-- Device Information -->
  </suite> <!-- Whole project test suite -->
</testng-results>
